<?xml version="1.0" encoding="UTF-8"?>
<testng-results skipped="0" failed="0" ignored="0" total="1" passed="1">
  <reporter-output>
    <line>
      <![CDATA[Hi.....]]>
    </line>
  </reporter-output>
  <suite name="Suite" duration-ms="124" started-at="2021-02-08T17:31:28 IST" finished-at="2021-02-08T17:31:28 IST">
    <groups>
    </groups>
    <test name="Test" duration-ms="124" started-at="2021-02-08T17:31:28 IST" finished-at="2021-02-08T17:31:28 IST">
      <class name="Demo">
        <test-method status="PASS" signature="Tc()[pri:0, instance:Demo@6737fd8f]" name="Tc" duration-ms="16" started-at="2021-02-08T17:31:28 IST" finished-at="2021-02-08T17:31:28 IST">
          <reporter-output>
            <line>
              <![CDATA[Hi.....]]>
            </line>
          </reporter-output>
        </test-method> <!-- Tc -->
      </class> <!-- Demo -->
    </test> <!-- Test -->
  </suite> <!-- Suite -->
</testng-results>
